#
# There is insufficient memory for the Java Runtime Environment to continue.
# Native memory allocation (mmap) failed to map 251658240 bytes for Failed to commit area from 0x0000000711a00000 to 0x0000000720a00000 of length 251658240.
# Possible reasons:
#   The system is out of physical RAM or swap space
#   The process is running with CompressedOops enabled, and the Java Heap may be blocking the growth of the native heap
# Possible solutions:
#   Reduce memory load on the system
#   Increase physical memory or swap space
#   Check if swap backing store is full
#   Decrease Java heap size (-Xmx/-Xms)
#   Decrease number of Java threads
#   Decrease Java thread stack sizes (-Xss)
#   Set larger code cache with -XX:ReservedCodeCacheSize=
# This output file may be truncated or incomplete.
#
#  Out of Memory Error (./src/hotspot/os/windows/os_windows.cpp:3301), pid=30008, tid=22260
#
# JRE version:  (11.0.11+9) (build )
# Java VM: OpenJDK 64-Bit Server VM (11.0.11+9-LTS, mixed mode, sharing, tiered, compressed oops, g1 gc, windows-amd64)
# No core dump will be written. Minidumps are not enabled by default on client versions of Windows
#

---------------  S U M M A R Y ------------

Command Line: -Dfile.encoding=Cp1252 RunCyriousClone

Host: AMD Ryzen 5 2500U with Radeon Vega Mobile Gfx  , 8 cores, 14G,  Windows 10 , 64 bit Build 19041 (10.0.19041.1151)
Time: Sun Mar 13 20:38:55 2022 Eastern Daylight Time elapsed time: 0.029334 seconds (0d 0h 0m 0s)

---------------  T H R E A D  ---------------

Current thread (0x000001c03c7a8000):  JavaThread "Unknown thread" [_thread_in_vm, id=22260, stack(0x000000b619900000,0x000000b619a00000)]

Stack: [0x000000b619900000,0x000000b619a00000]
Native frames: (J=compiled Java code, j=interpreted, Vv=VM code, C=native code)
V  [jvm.dll+0x5f867a]
V  [jvm.dll+0x78124e]
V  [jvm.dll+0x78291f]
V  [jvm.dll+0x782fe3]
V  [jvm.dll+0x246e88]
V  [jvm.dll+0x5f582a]
V  [jvm.dll+0x5ea325]
V  [jvm.dll+0x2fbc5c]
V  [jvm.dll+0x2fbae2]
V  [jvm.dll+0x300796]
V  [jvm.dll+0x34550f]
V  [jvm.dll+0x344f40]
V  [jvm.dll+0x2d8e88]
V  [jvm.dll+0x2d9fd6]
V  [jvm.dll+0x75c8a7]
V  [jvm.dll+0x75e02f]
V  [jvm.dll+0x352289]
V  [jvm.dll+0x73f990]
V  [jvm.dll+0x3b9c3f]
V  [jvm.dll+0x3bc141]
C  [jli.dll+0x5207]
C  [ucrtbase.dll+0x21bb2]
C  [KERNEL32.DLL+0x17034]
C  [ntdll.dll+0x52651]


---------------  P R O C E S S  ---------------

Threads class SMR info:
_java_thread_list=0x000001c03ad10b70, length=0, elements={
}

Java Threads: ( => current thread )

Other Threads:
  0x000001c03c7bf000 GCTaskThread "GC Thread#0" [stack: 0x000000b619a00000,0x000000b619b00000] [id=24976]
  0x000001c03c814800 ConcurrentGCThread "G1 Main Marker" [stack: 0x000000b619b00000,0x000000b619c00000] [id=16468]
  0x000001c03c81f800 ConcurrentGCThread "G1 Conc#0" [stack: 0x000000b619c00000,0x000000b619d00000] [id=19452]

[error occurred during error reporting (printing all threads), id 0xc0000005, EXCEPTION_ACCESS_VIOLATION (0xc0000005) at pc=0x00007ff8da3f8547]

VM state:not at safepoint (not fully initialized)

VM Mutex/Monitor currently owned by a thread:  ([mutex/lock_event])
[0x000001c03c7a4500] Heap_lock - owner thread: 0x000001c03c7a8000

Heap address: 0x0000000711a00000, size: 3814 MB, Compressed Oops mode: Non-zero based: 0x0000000711a00000
Narrow klass base: 0x0000000000000000, Narrow klass shift: 0

GC Heap History (0 events):
No events

Deoptimization events (0 events):
No events

Classes redefined (0 events):
No events

Internal exceptions (0 events):
No events

Events (1 events):
Event: 0.013 Loaded shared library C:\Program Files\Amazon Corretto\jdk11.0.11_9\bin\zip.dll


Dynamic libraries:
0x00007ff76e350000 - 0x00007ff76e35d000 	C:\Program Files\Amazon Corretto\jdk11.0.11_9\bin\javaw.exe
0x00007ff92a8d0000 - 0x00007ff92aac5000 	C:\WINDOWS\SYSTEM32\ntdll.dll
0x00007ff929dc0000 - 0x00007ff929e7d000 	C:\WINDOWS\System32\KERNEL32.DLL
0x00007ff9282b0000 - 0x00007ff928579000 	C:\WINDOWS\System32\KERNELBASE.dll
0x00007ff928100000 - 0x00007ff928200000 	C:\WINDOWS\System32\ucrtbase.dll
0x00007ff920150000 - 0x00007ff920169000 	C:\Program Files\Amazon Corretto\jdk11.0.11_9\bin\VCRUNTIME140.dll
0x00007ff90e3a0000 - 0x00007ff90e3b7000 	C:\Program Files\Amazon Corretto\jdk11.0.11_9\bin\jli.dll
0x00007ff92a640000 - 0x00007ff92a7e0000 	C:\WINDOWS\System32\USER32.dll
0x00007ff928230000 - 0x00007ff928252000 	C:\WINDOWS\System32\win32u.dll
0x00007ff92a600000 - 0x00007ff92a62a000 	C:\WINDOWS\System32\GDI32.dll
0x00007ff90ce80000 - 0x00007ff90d11a000 	C:\WINDOWS\WinSxS\amd64_microsoft.windows.common-controls_6595b64144ccf1df_6.0.19041.1110_none_60b5254171f9507e\COMCTL32.dll
0x00007ff928820000 - 0x00007ff92892b000 	C:\WINDOWS\System32\gdi32full.dll
0x00007ff928060000 - 0x00007ff9280fd000 	C:\WINDOWS\System32\msvcp_win.dll
0x00007ff929150000 - 0x00007ff9291ee000 	C:\WINDOWS\System32\msvcrt.dll
0x00007ff929ae0000 - 0x00007ff929b10000 	C:\WINDOWS\System32\IMM32.DLL
0x00007ff90daf0000 - 0x00007ff90db8b000 	C:\Program Files\Amazon Corretto\jdk11.0.11_9\bin\msvcp140.dll
0x00007ff8da110000 - 0x00007ff8dac5c000 	C:\Program Files\Amazon Corretto\jdk11.0.11_9\bin\server\jvm.dll
0x00007ff9292f0000 - 0x00007ff92939c000 	C:\WINDOWS\System32\ADVAPI32.dll
0x00007ff929e80000 - 0x00007ff929f1b000 	C:\WINDOWS\System32\sechost.dll
0x00007ff928990000 - 0x00007ff928aba000 	C:\WINDOWS\System32\RPCRT4.dll
0x00007ff92a630000 - 0x00007ff92a638000 	C:\WINDOWS\System32\PSAPI.DLL
0x00007ff925280000 - 0x00007ff925289000 	C:\WINDOWS\SYSTEM32\WSOCK32.dll
0x00007ff91b270000 - 0x00007ff91b297000 	C:\WINDOWS\SYSTEM32\WINMM.dll
0x00007ff929280000 - 0x00007ff9292eb000 	C:\WINDOWS\System32\WS2_32.dll
0x00007ff91fb00000 - 0x00007ff91fb0a000 	C:\WINDOWS\SYSTEM32\VERSION.dll
0x00007ff926890000 - 0x00007ff9268a2000 	C:\WINDOWS\SYSTEM32\kernel.appcore.dll
0x00007ff923550000 - 0x00007ff923560000 	C:\Program Files\Amazon Corretto\jdk11.0.11_9\bin\verify.dll
0x00007ff925db0000 - 0x00007ff925f94000 	C:\WINDOWS\SYSTEM32\DBGHELP.DLL
0x00007ff913220000 - 0x00007ff91324c000 	C:\WINDOWS\SYSTEM32\dbgcore.DLL
0x00007ff928580000 - 0x00007ff928603000 	C:\WINDOWS\System32\bcryptPrimitives.dll
0x00007ff914640000 - 0x00007ff914668000 	C:\Program Files\Amazon Corretto\jdk11.0.11_9\bin\java.dll
0x00007ff923510000 - 0x00007ff92351a000 	C:\Program Files\Amazon Corretto\jdk11.0.11_9\bin\jimage.dll
0x00007ff922780000 - 0x00007ff922797000 	C:\Program Files\Amazon Corretto\jdk11.0.11_9\bin\zip.dll

dbghelp: loaded successfully - version: 4.0.5 - missing functions: none
symbol engine: initialized successfully - sym options: 0x614 - pdb path: .;C:\Program Files\Amazon Corretto\jdk11.0.11_9\bin;C:\WINDOWS\SYSTEM32;C:\WINDOWS\WinSxS\amd64_microsoft.windows.common-controls_6595b64144ccf1df_6.0.19041.1110_none_60b5254171f9507e;C:\Program Files\Amazon Corretto\jdk11.0.11_9\bin\server

VM Arguments:
jvm_args: -Dfile.encoding=Cp1252 
java_command: RunCyriousClone
java_class_path (initial): D:\Libraries\OneDrive\Prog-Langs\Java\eclipse-projects\CyriousClone\bin;C:\Program Files\Amazon Corretto\mysql-connector.jar;C:\Program Files\Amazon Corretto\ojdbc14.jar;C:\Users\Hector x360\eclipse\javafx-sdk-17.0.2\lib\javafx.base.jar;C:\Users\Hector x360\eclipse\javafx-sdk-17.0.2\lib\javafx.controls.jar;C:\Users\Hector x360\eclipse\javafx-sdk-17.0.2\lib\javafx.fxml.jar;C:\Users\Hector x360\eclipse\javafx-sdk-17.0.2\lib\javafx.graphics.jar;C:\Users\Hector x360\eclipse\javafx-sdk-17.0.2\lib\javafx.media.jar;C:\Users\Hector x360\eclipse\javafx-sdk-17.0.2\lib\javafx.swing.jar;C:\Users\Hector x360\eclipse\javafx-sdk-17.0.2\lib\javafx.web.jar;C:\Users\Hector x360\eclipse\javafx-sdk-17.0.2\lib\javafx-swt.jar
Launcher Type: SUN_STANDARD

[Global flags]
     intx CICompilerCount                          = 4                                         {product} {ergonomic}
     uint ConcGCThreads                            = 2                                         {product} {ergonomic}
     uint G1ConcRefinementThreads                  = 8                                         {product} {ergonomic}
   size_t G1HeapRegionSize                         = 1048576                                   {product} {ergonomic}
    uintx GCDrainStackTargetSize                   = 64                                        {product} {ergonomic}
   size_t InitialHeapSize                          = 251658240                                 {product} {ergonomic}
   size_t MarkStackSize                            = 4194304                                   {product} {ergonomic}
   size_t MaxHeapSize                              = 3999268864                                {product} {ergonomic}
   size_t MinHeapDeltaBytes                        = 1048576                                   {product} {ergonomic}
    uintx NonNMethodCodeHeapSize                   = 5836300                                {pd product} {ergonomic}
    uintx NonProfiledCodeHeapSize                  = 122910970                              {pd product} {ergonomic}
    uintx ProfiledCodeHeapSize                     = 122910970                              {pd product} {ergonomic}
    uintx ReservedCodeCacheSize                    = 251658240                              {pd product} {ergonomic}
     bool SegmentedCodeCache                       = true                                      {product} {ergonomic}
     bool UseCompressedClassPointers               = true                                 {lp64_product} {ergonomic}
     bool UseCompressedOops                        = true                                 {lp64_product} {ergonomic}
     bool UseG1GC                                  = true                                      {product} {ergonomic}
     bool UseLargePagesIndividualAllocation        = false                                  {pd product} {ergonomic}

Logging:
Log output configuration:
 #0: stdout all=warning uptime,level,tags
 #1: stderr all=off uptime,level,tags

Environment Variables:
JAVA_HOME=C:\Program Files\Amazon Corretto\jdk11.0.11_9
PATH=C:/Program Files/Amazon Corretto/jdk11.0.11_9/bin/server;C:/Program Files/Amazon Corretto/jdk11.0.11_9/bin;C:\Program Files\Amazon Corretto\jdk11.0.11_9\bin;C:\Program Files (x86)\Common Files\Oracle\Java\javapath;C:\WINDOWS\system32;C:\WINDOWS;C:\WINDOWS\System32\Wbem;C:\WINDOWS\System32\WindowsPowerShell\v1.0\;C:\WINDOWS\System32\OpenSSH\;C:\Program Files\dotnet\;D:\Programs\Git\cmd;C:\Program Files\MySQL\MySQL Shell 8.0\bin\;C:\Users\Hector x360\AppData\Local\Programs\Python\Python38-32\Scripts\;C:\Users\Hector x360\AppData\Local\Programs\Python\Python38-32\;C:\Users\Hector x360\AppData\Local\Microsoft\WindowsApps;C:\Users\Hector x360\AppData\Local\Programs\Microsoft VS Code\bin;C:\Users\Hector x360\.dotnet\tools;C:\Users\Hector x360\AppData\Local\atom\bin;C:\Users\Hector x360\AppData\Local\GitHubDesktop\bin;C:\WINDOWS\System32;
USERNAME=Hector x360
OS=Windows_NT
PROCESSOR_IDENTIFIER=AMD64 Family 23 Model 17 Stepping 0, AuthenticAMD



---------------  S Y S T E M  ---------------

OS: Windows 10 , 64 bit Build 19041 (10.0.19041.1151)
OS uptime: 18 days 1:35 hours

CPU:total 8 (initial active 8) (8 cores per cpu, 2 threads per core) family 23 model 17 stepping 0 microcode 0x0, cmov, cx8, fxsr, mmx, sse, sse2, sse3, ssse3, sse4.1, sse4.2, popcnt, avx, avx2, aes, clmul, mmxext, 3dnowpref, lzcnt, sse4a, ht, tsc, tscinvbit, tscinv, bmi1, bmi2, adx, s

Memory: 4k page, system-wide physical 15251M (4588M free)
TotalPageFile size 30356M (AvailPageFile size 141M)
current process WorkingSet (physical memory assigned to process): 10M, peak: 10M
current process commit charge ("private bytes"): 60M, peak: 300M

vm_info: OpenJDK 64-Bit Server VM (11.0.11+9-LTS) for windows-amd64 JRE (11.0.11+9-LTS), built on Apr 14 2021 00:00:20 by "Administrator" with MS VC++ 15.9 (VS2017)

END.
